# JRE version: OpenJDK Runtime Environment (8.0_242-b01) (build 1.8.0_242-release-1644-b01)
# Java VM: OpenJDK 64-Bit Server VM (25.242-b01 mixed mode windows-amd64 compressed oops)
Heap:
 PSYoungGen      total 370176K, used 138022K [0x00000000e0000000, 0x00000000fe600000, 0x0000000100000000)
  eden space 245760K, 56% used [0x00000000e0000000,0x00000000e86c9840,0x00000000ef000000)
  from space 124416K, 0% used [0x00000000f6c80000,0x00000000f6c80000,0x00000000fe600000)
  to   space 125952K, 0% used [0x00000000ef000000,0x00000000ef000000,0x00000000f6b00000)
 ParOldGen       total 549376K, used 295055K [0x00000000a0000000, 0x00000000c1880000, 0x00000000e0000000)
  object space 549376K, 53% used [0x00000000a0000000,0x00000000b2023d60,0x00000000c1880000)
 Metaspace       used 96536K, capacity 108830K, committed 109400K, reserved 1142784K
  class space    used 12710K, capacity 15116K, committed 15232K, reserved 1048576K
GC Heap History (10 events):
Event: 12958.240 GC heap before
{Heap before GC invocations=65 (full 8):
 PSYoungGen      total 357888K, used 223836K [0x00000000e0000000, 0x0000000100000000, 0x0000000100000000)
  eden space 193536K, 100% used [0x00000000e0000000,0x00000000ebd00000,0x00000000ebd00000)
  from space 164352K, 18% used [0x00000000f5580000,0x00000000f7317000,0x00000000ff600000)
  to   space 156160K, 0% used [0x00000000ebd00000,0x00000000ebd00000,0x00000000f5580000)
 ParOldGen       total 675328K, used 534697K [0x00000000a0000000, 0x00000000c9380000, 0x00000000e0000000)
  object space 675328K, 79% used [0x00000000a0000000,0x00000000c0a2a558,0x00000000c9380000)
 Metaspace       used 95562K, capacity 107938K, committed 108376K, reserved 1142784K
  class space    used 12628K, capacity 15057K, committed 15232K, reserved 1048576K
Event: 12959.060 GC heap after
Heap after GC invocations=65 (full 8):
 PSYoungGen      total 349696K, used 3872K [0x00000000e0000000, 0x00000000ff100000, 0x0000000100000000)
  eden space 193536K, 0% used [0x00000000e0000000,0x00000000e0000000,0x00000000ebd00000)
  from space 156160K, 2% used [0x00000000ebd00000,0x00000000ec0c8010,0x00000000f5580000)
  to   space 152576K, 0% used [0x00000000f5c00000,0x00000000f5c00000,0x00000000ff100000)
 ParOldGen       total 675328K, used 537068K [0x00000000a0000000, 0x00000000c9380000, 0x00000000e0000000)
  object space 675328K, 79% used [0x00000000a0000000,0x00000000c0c7b2f8,0x00000000c9380000)
 Metaspace       used 95562K, capacity 107938K, committed 108376K, reserved 1142784K
  class space    used 12628K, capacity 15057K, committed 15232K, reserved 1048576K
}
Event: 12964.139 GC heap before
{Heap before GC invocations=66 (full 8):
 PSYoungGen      total 349696K, used 197408K [0x00000000e0000000, 0x00000000ff100000, 0x0000000100000000)
  eden space 193536K, 100% used [0x00000000e0000000,0x00000000ebd00000,0x00000000ebd00000)
  from space 156160K, 2% used [0x00000000ebd00000,0x00000000ec0c8010,0x00000000f5580000)
  to   space 152576K, 0% used [0x00000000f5c00000,0x00000000f5c00000,0x00000000ff100000)
 ParOldGen       total 675328K, used 537068K [0x00000000a0000000, 0x00000000c9380000, 0x00000000e0000000)
  object space 675328K, 79% used [0x00000000a0000000,0x00000000c0c7b2f8,0x00000000c9380000)
 Metaspace       used 95787K, capacity 108136K, committed 108632K, reserved 1142784K
  class space    used 12634K, capacity 15068K, committed 15232K, reserved 1048576K
Event: 12964.350 GC heap after
Heap after GC invocations=66 (full 8):
 PSYoungGen      total 357376K, used 40430K [0x00000000e0000000, 0x00000000fe780000, 0x0000000100000000)
  eden space 214528K, 0% used [0x00000000e0000000,0x00000000e0000000,0x00000000ed180000)
  from space 142848K, 28% used [0x00000000f5c00000,0x00000000f837b890,0x00000000fe780000)
  to   space 141824K, 0% used [0x00000000ed180000,0x00000000ed180000,0x00000000f5c00000)
 ParOldGen       total 675328K, used 540470K [0x00000000a0000000, 0x00000000c9380000, 0x00000000e0000000)
  object space 675328K, 80% used [0x00000000a0000000,0x00000000c0fcd858,0x00000000c9380000)
 Metaspace       used 95787K, capacity 108136K, committed 108632K, reserved 1142784K
  class space    used 12634K, capacity 15068K, committed 15232K, reserved 1048576K
}
Event: 12967.427 GC heap before
{Heap before GC invocations=67 (full 8):
 PSYoungGen      total 357376K, used 254958K [0x00000000e0000000, 0x00000000fe780000, 0x0000000100000000)
  eden space 214528K, 100% used [0x00000000e0000000,0x00000000ed180000,0x00000000ed180000)
  from space 142848K, 28% used [0x00000000f5c00000,0x00000000f837b890,0x00000000fe780000)
  to   space 141824K, 0% used [0x00000000ed180000,0x00000000ed180000,0x00000000f5c00000)
 ParOldGen       total 675328K, used 540470K [0x00000000a0000000, 0x00000000c9380000, 0x00000000e0000000)
  object space 675328K, 80% used [0x00000000a0000000,0x00000000c0fcd858,0x00000000c9380000)
 Metaspace       used 95907K, capacity 108294K, committed 108632K, reserved 1142784K
  class space    used 12637K, capacity 15073K, committed 15232K, reserved 1048576K
Event: 12967.890 GC heap after
Heap after GC invocations=67 (full 8):
 PSYoungGen      total 356352K, used 46897K [0x00000000e0000000, 0x00000000fef00000, 0x0000000100000000)
  eden space 214528K, 0% used [0x00000000e0000000,0x00000000e0000000,0x00000000ed180000)
  from space 141824K, 33% used [0x00000000ed180000,0x00000000eff4c4a0,0x00000000f5c00000)
  to   space 133632K, 0% used [0x00000000f6c80000,0x00000000f6c80000,0x00000000fef00000)
 ParOldGen       total 675328K, used 579177K [0x00000000a0000000, 0x00000000c9380000, 0x00000000e0000000)
  object space 675328K, 85% used [0x00000000a0000000,0x00000000c359a730,0x00000000c9380000)
 Metaspace       used 95907K, capacity 108294K, committed 108632K, reserved 1142784K
  class space    used 12637K, capacity 15073K, committed 15232K, reserved 1048576K
}
Event: 12971.012 GC heap before
{Heap before GC invocations=68 (full 8):
 PSYoungGen      total 356352K, used 261425K [0x00000000e0000000, 0x00000000fef00000, 0x0000000100000000)
  eden space 214528K, 100% used [0x00000000e0000000,0x00000000ed180000,0x00000000ed180000)
  from space 141824K, 33% used [0x00000000ed180000,0x00000000eff4c4a0,0x00000000f5c00000)
  to   space 133632K, 0% used [0x00000000f6c80000,0x00000000f6c80000,0x00000000fef00000)
 ParOldGen       total 675328K, used 579177K [0x00000000a0000000, 0x00000000c9380000, 0x00000000e0000000)
  object space 675328K, 85% used [0x00000000a0000000,0x00000000c359a730,0x00000000c9380000)
 Metaspace       used 96475K, capacity 108860K, committed 109144K, reserved 1142784K
  class space    used 12705K, capacity 15146K, committed 15232K, reserved 1048576K
Event: 12971.684 GC heap after
Heap after GC invocations=68 (full 8):
 PSYoungGen      total 370176K, used 34238K [0x00000000e0000000, 0x00000000fe600000, 0x0000000100000000)
  eden space 245760K, 0% used [0x00000000e0000000,0x00000000e0000000,0x00000000ef000000)
  from space 124416K, 27% used [0x00000000f6c80000,0x00000000f8def970,0x00000000fe600000)
  to   space 125952K, 0% used [0x00000000ef000000,0x00000000ef000000,0x00000000f6b00000)
 ParOldGen       total 675328K, used 624744K [0x00000000a0000000, 0x00000000c9380000, 0x00000000e0000000)
  object space 675328K, 92% used [0x00000000a0000000,0x00000000c621a340,0x00000000c9380000)
 Metaspace       used 96475K, capacity 108860K, committed 109144K, reserved 1142784K
  class space    used 12705K, capacity 15146K, committed 15232K, reserved 1048576K
}
Event: 12971.685 GC heap before
{Heap before GC invocations=69 (full 9):
 PSYoungGen      total 370176K, used 34238K [0x00000000e0000000, 0x00000000fe600000, 0x0000000100000000)
  eden space 245760K, 0% used [0x00000000e0000000,0x00000000e0000000,0x00000000ef000000)
  from space 124416K, 27% used [0x00000000f6c80000,0x00000000f8def970,0x00000000fe600000)
  to   space 125952K, 0% used [0x00000000ef000000,0x00000000ef000000,0x00000000f6b00000)
 ParOldGen       total 675328K, used 624744K [0x00000000a0000000, 0x00000000c9380000, 0x00000000e0000000)
  object space 675328K, 92% used [0x00000000a0000000,0x00000000c621a340,0x00000000c9380000)
 Metaspace       used 96475K, capacity 108860K, committed 109144K, reserved 1142784K
  class space    used 12705K, capacity 15146K, committed 15232K, reserved 1048576K
Event: 12976.434 GC heap after
Heap after GC invocations=69 (full 9):
 PSYoungGen      total 370176K, used 0K [0x00000000e0000000, 0x00000000fe600000, 0x0000000100000000)
  eden space 245760K, 0% used [0x00000000e0000000,0x00000000e0000000,0x00000000ef000000)
  from space 124416K, 0% used [0x00000000f6c80000,0x00000000f6c80000,0x00000000fe600000)
  to   space 125952K, 0% used [0x00000000ef000000,0x00000000ef000000,0x00000000f6b00000)
 ParOldGen       total 549376K, used 295055K [0x00000000a0000000, 0x00000000c1880000, 0x00000000e0000000)
  object space 549376K, 53% used [0x00000000a0000000,0x00000000b2023d60,0x00000000c1880000)
 Metaspace       used 96253K, capacity 108474K, committed 109144K, reserved 1142784K
  class space    used 12668K, capacity 15076K, committed 15232K, reserved 1048576K
}

